#
# A fatal error has been detected by the Java Runtime Environment:
#
#  SIGILL (0x4) at pc=0x00007fffce0b3bde, pid=1488, tid=515
#
# JRE version: Java(TM) SE Runtime Environment (8.0_45-b14) (build 1.8.0_45-b14)
# Java VM: Java HotSpot(TM) 64-Bit Server VM (25.45-b02 mixed mode bsd-amd64 compressed oops)
# Problematic frame:
# C  [libsystem_platform.dylib+0x5bde]  _os_unfair_lock_corruption_abort+0x17
#
# Failed to write core dump. Core dumps have been disabled. To enable core dumping, try "ulimit -c unlimited" before starting Java again
#
# If you would like to submit a bug report, please visit:
#   http://bugreport.java.com/bugreport/crash.jsp
# The crash happened outside the Java Virtual Machine in native code.
# See problematic frame for where to report the bug.
#

---------------  T H R E A D  ---------------

Current thread (0x0000000101b2b800):  JavaThread "Spawner Reaper" daemon [_thread_in_native, id=113091, stack(0x000070000f481000,0x000070000f581000)]

siginfo: si_signo: 4 (SIGILL), si_code: 1 (ILL_ILLOPC), si_addr: 0x00007fffce0b3bde

Registers:
RAX=0x0000000000000306, RBX=0x0000000000000306, RCX=0x00007fffce0b5b6c, RDX=0x0000000000000000
RSP=0x000070000f580398, RBP=0x000070000f5803d0, RSI=0x00007fffd6be0b80, RDI=0x0000000000000306
R8 =0x000000000000063c, R9 =0x00000001001c27a0, R10=0x0000000000000000, R11=0x0000000000000246
R12=0x00007fffd6be0b80, R13=0x0000000000000203, R14=0x0000000001010002, R15=0x0000000000000203
RIP=0x00007fffce0b3bde, EFLAGS=0x0000000000010246, ERR=0x0000000000000000
  TRAPNO=0x0000000000000006

Top of Stack: (sp=0x000070000f580398)
0x000070000f580398:   00007fffce0b344e 0000000000000307
0x000070000f5803a8:   0000000000000700 00000001001aea90
0x000070000f5803b8:   00007fffd6be0480 00007fffd6be0b80
0x000070000f5803c8:   000000013534e250 000070000f580420
0x000070000f5803d8:   00007fffcd5bb370 0000000000000000
0x000070000f5803e8:   0000000000000000 0000000000000000
0x000070000f5803f8:   00000001001aea90 00007fffd6c806f8
0x000070000f580408:   0000000000000002 000000013534e201
0x000070000f580418:   000000013534e250 000070000f580440
0x000070000f580428:   00007fffcd5bb0b7 00000001001aea90
0x000070000f580438:   000000013534e2a0 000070000f580460
0x000070000f580448:   00007fffcd5bb017 0000000000000000
0x000070000f580458:   000000010018dd20 000070000f580490
0x000070000f580468:   00007fffce0fba99 00007fffd6ca0a50
0x000070000f580478:   000000013534e250 00000001353f48d0
0x000070000f580488:   0000000000000000 000070000f5804b0
0x000070000f580498:   00007fffce0fb4f9 00000000ffffffff
0x000070000f5804a8:   000000013534e250 000070000f580500
0x000070000f5804b8:   00007fffcdf8fc35 00007fffcdf941e3
0x000070000f5804c8:   0000000000000000 0000000000000000
0x000070000f5804d8:   000000010092f530 0000000100400550
0x000070000f5804e8:   0000000000000000 00007fffd6c806f8
0x000070000f5804f8:   000070000f580544 000070000f580520
0x000070000f580508:   00007fffcdf941cc 00007fffd6c806f8
0x000070000f580518:   000000011b9b691d 000070000f580570
0x000070000f580528:   00007fffcdf94112 000070000f580808
0x000070000f580538:   0000000000000000 0000000200000000
0x000070000f580548:   000000011b9b691d 0000000000000000
0x000070000f580558:   0000000134294810 000070000f580808
0x000070000f580568:   0000000101b2b800 000070000f580590
0x000070000f580578:   00007fffcdf94068 0000000000000000
0x000070000f580588:   0000600001041050 000070000f5805e0 

Instructions: (pc=0x00007fffce0b3bde)
0x00007fffce0b3bbe:   89 f7 e8 55 18 00 00 eb ae 89 f8 48 8d 0d 9c 1f
0x00007fffce0b3bce:   00 00 48 89 0d e1 c6 bd 08 48 89 05 0a c7 bd 08
0x00007fffce0b3bde:   0f 0b 89 f8 48 8d 0d 12 20 00 00 48 89 0d c8 c6
0x00007fffce0b3bee:   bd 08 48 89 05 f1 c6 bd 08 0f 0b 55 48 89 e5 41 

Register to memory mapping:

RAX=0x0000000000000306 is an unknown value
RBX=0x0000000000000306 is an unknown value
RCX=0x00007fffce0b5b6c: _h+0x25c in /usr/lib/system/libsystem_platform.dylib at 0x00007fffce0ae000
RDX=0x0000000000000000 is an unknown value
RSP=0x000070000f580398 is pointing into the stack for thread: 0x0000000101b2b800
RBP=0x000070000f5803d0 is pointing into the stack for thread: 0x0000000101b2b800
RSI=0x00007fffd6be0b80: _ZN12_GLOBAL__N_1L12SideTableBufE+0x700 in /usr/lib/libobjc.A.dylib at 0x00007fffcd5b2000
RDI=0x0000000000000306 is an unknown value
R8 =0x000000000000063c is an unknown value
R9 =0x00000001001c27a0 is an unknown value
R10=0x0000000000000000 is an unknown value
R11=0x0000000000000246 is an unknown value
R12=0x00007fffd6be0b80: _ZN12_GLOBAL__N_1L12SideTableBufE+0x700 in /usr/lib/libobjc.A.dylib at 0x00007fffcd5b2000
R13=0x0000000000000203 is an unknown value
R14=0x0000000001010002 is an unknown value
R15=0x0000000000000203 is an unknown value


Stack: [0x000070000f481000,0x000070000f581000],  sp=0x000070000f580398,  free space=1020k
Native frames: (J=compiled Java code, j=interpreted, Vv=VM code, C=native code)
C  [libsystem_platform.dylib+0x5bde]  _os_unfair_lock_corruption_abort+0x17
C  [libobjc.A.dylib+0x9370]  _ZN11objc_object27sidetable_clearDeallocatingEv+0x54
C  [libobjc.A.dylib+0x90b7]  objc_destructInstance+0x8f
C  [libobjc.A.dylib+0x9017]  object_dispose+0x16
C  [libxpc.dylib+0x4a99]  _xpc_dictionary_dispose+0x7c
C  [libxpc.dylib+0x44f9]  _xpc_dispose+0xf
C  [libsystem_info.dylib+0x1c35]  _ds_item+0x9f
C  [libsystem_info.dylib+0x61cc]  ds_group_byname+0x4d
C  [libsystem_info.dylib+0x6112]  search_group_byname+0x66
C  [libsystem_info.dylib+0x6068]  getgrnam+0x33
C  [libspawner.jnilib+0x2326]  ptys_open+0x1c
C  [libspawner.jnilib+0x1ede]  exec_pty+0x195
C  [libspawner.jnilib+0x14be]  Java_org_eclipse_cdt_utils_spawner_Spawner_exec2+0x129
j  org.eclipse.cdt.utils.spawner.Spawner.exec2([Ljava/lang/String;[Ljava/lang/String;Ljava/lang/String;[ILjava/lang/String;IZ)I+0
j  org.eclipse.cdt.utils.pty.PTY.exec_pty(Lorg/eclipse/cdt/utils/spawner/Spawner;[Ljava/lang/String;[Ljava/lang/String;Ljava/lang/String;[I)I+48
j  org.eclipse.cdt.utils.spawner.Spawner$2.execute([Ljava/lang/String;[Ljava/lang/String;Ljava/lang/String;[I)I+13
j  org.eclipse.cdt.utils.spawner.Spawner$Reaper.run()V+20
v  ~StubRoutines::call_stub
V  [libjvm.dylib+0x2e032a]
V  [libjvm.dylib+0x2e0ab8]
V  [libjvm.dylib+0x2e0c64]
V  [libjvm.dylib+0x3331a5]
V  [libjvm.dylib+0x549acf]
V  [libjvm.dylib+0x54b1c0]
V  [libjvm.dylib+0x46ea7e]
C  [libsystem_pthread.dylib+0x3aab]  _pthread_body+0xb4
C  [libsystem_pthread.dylib+0x39f7]  _pthread_body+0x0
C  [libsystem_pthread.dylib+0x3221]  thread_start+0xd
C  0x0000000000000000

Java frames: (J=compiled Java code, j=interpreted, Vv=VM code)
j  org.eclipse.cdt.utils.spawner.Spawner.exec2([Ljava/lang/String;[Ljava/lang/String;Ljava/lang/String;[ILjava/lang/String;IZ)I+0
j  org.eclipse.cdt.utils.pty.PTY.exec_pty(Lorg/eclipse/cdt/utils/spawner/Spawner;[Ljava/lang/String;[Ljava/lang/String;Ljava/lang/String;[I)I+48
j  org.eclipse.cdt.utils.spawner.Spawner$2.execute([Ljava/lang/String;[Ljava/lang/String;Ljava/lang/String;[I)I+13
j  org.eclipse.cdt.utils.spawner.Spawner$Reaper.run()V+20
v  ~StubRoutines::call_stub

---------------  P R O C E S S  ---------------

Java Threads: ( => current thread )
=>0x0000000101b2b800 JavaThread "Spawner Reaper" daemon [_thread_in_native, id=113091, stack(0x000070000f481000,0x000070000f581000)]
  0x000000013a905000 JavaThread "Worker-52" [_thread_blocked, id=195631, stack(0x0000700012dc1000,0x0000700012ec1000)]
  0x00000001283fa800 JavaThread "Worker-51" [_thread_blocked, id=172091, stack(0x0000700012cbe000,0x0000700012dbe000)]
  0x0000000135ba8800 JavaThread "Worker-50" [_thread_blocked, id=191531, stack(0x0000700012bbb000,0x0000700012cbb000)]
  0x00000001359b6000 JavaThread "org.eclipse.cdt.internal.ui.text.CReconciler" daemon [_thread_blocked, id=95787, stack(0x0000700012ab8000,0x0000700012bb8000)]
  0x0000000101fdc000 JavaThread "org.eclipse.cdt.internal.ui.text.CReconciler" daemon [_thread_blocked, id=177795, stack(0x00007000129b5000,0x0000700012ab5000)]
  0x000000013bd02000 JavaThread "Worker-49" [_thread_blocked, id=183155, stack(0x0000700010f5b000,0x000070001105b000)]
  0x0000000135ca8000 JavaThread "org.eclipse.cdt.internal.ui.text.CReconciler" daemon [_thread_blocked, id=113243, stack(0x000070001272c000,0x000070001282c000)]
  0x0000000101e5f000 JavaThread "Worker-47" [_thread_blocked, id=128987, stack(0x0000700012320000,0x0000700012420000)]
  0x000000011c5e3800 JavaThread "Worker-46" [_thread_blocked, id=146491, stack(0x00007000128b2000,0x00007000129b2000)]
  0x0000000131353000 JavaThread "Worker-45" [_thread_in_native, id=158575, stack(0x00007000119ff000,0x0000700011aff000)]
  0x0000000135870000 JavaThread "Worker-44" [_thread_blocked, id=145299, stack(0x0000700011c05000,0x0000700011d05000)]
  0x0000000101096000 JavaThread "Worker-43" [_thread_in_Java, id=131771, stack(0x00007000107c0000,0x00007000108c0000)]
  0x00000001010e0800 JavaThread "Worker-34" [_thread_blocked, id=90215, stack(0x000070000f37e000,0x000070000f47e000)]
  0x000000012bef4000 JavaThread "org.eclipse.cdt.internal.ui.text.CReconciler" daemon [_thread_blocked, id=137799, stack(0x00007000125a6000,0x00007000126a6000)]
  0x0000000104f7d000 JavaThread "org.eclipse.cdt.internal.ui.text.CReconciler" daemon [_thread_blocked, id=123431, stack(0x00007000124a3000,0x00007000125a3000)]
  0x0000000104987800 JavaThread "org.eclipse.cdt.internal.ui.text.CReconciler" daemon [_thread_blocked, id=126831, stack(0x000070001221d000,0x000070001231d000)]
  0x00000001011e7800 JavaThread "org.eclipse.cdt.internal.ui.text.CReconciler" daemon [_thread_blocked, id=121107, stack(0x0000700011f91000,0x0000700012091000)]
  0x00000001359fc000 JavaThread "org.eclipse.cdt.internal.ui.text.CReconciler" daemon [_thread_blocked, id=97347, stack(0x000070001211a000,0x000070001221a000)]
  0x000000012c2ea000 JavaThread "org.eclipse.cdt.internal.ui.text.CReconciler" daemon [_thread_blocked, id=93563, stack(0x0000700011e8e000,0x0000700011f8e000)]
  0x00000001312c0000 JavaThread "org.eclipse.cdt.internal.ui.text.CReconciler" daemon [_thread_blocked, id=92759, stack(0x0000700011d08000,0x0000700011e08000)]
  0x000000012bc75800 JavaThread "[ThreadPool Manager] - Idle Thread" daemon [_thread_blocked, id=64799, stack(0x0000700011b02000,0x0000700011c02000)]
  0x00000001015dd800 JavaThread "org.eclipse.cdt.internal.ui.text.CReconciler" daemon [_thread_blocked, id=77839, stack(0x00007000116f3000,0x00007000117f3000)]
  0x00000001015e1000 JavaThread "EventAdmin Async Event Dispatcher Thread" daemon [_thread_blocked, id=76719, stack(0x00007000113ea000,0x00007000114ea000)]
  0x0000000104e59800 JavaThread "Bundle File Closer" daemon [_thread_blocked, id=71451, stack(0x0000700011161000,0x0000700011261000)]
  0x0000000101475800 JavaThread "EMF Reference Cleaner" daemon [_thread_blocked, id=60427, stack(0x000070001105e000,0x000070001115e000)]
  0x0000000101277000 JavaThread "Worker-JM" [_thread_blocked, id=61195, stack(0x0000700010e58000,0x0000700010f58000)]
  0x00000001049af000 JavaThread "[Timer] - Main Queue Handler" daemon [_thread_blocked, id=55315, stack(0x0000700010d55000,0x0000700010e55000)]
  0x0000000101b5c000 JavaThread "Start Level: Equinox Container: b0353e99-2dd7-0016-16ca-a76c7379d6c9" daemon [_thread_blocked, id=50179, stack(0x0000700010b4f000,0x0000700010c4f000)]
  0x0000000104bd9000 JavaThread "Framework Event Dispatcher: Equinox Container: b0353e99-2dd7-0016-16ca-a76c7379d6c9" daemon [_thread_blocked, id=49667, stack(0x0000700010a4c000,0x0000700010b4c000)]
  0x0000000102268000 JavaThread "Active Thread: Equinox Container: b0353e99-2dd7-0016-16ca-a76c7379d6c9" [_thread_blocked, id=48919, stack(0x0000700010949000,0x0000700010a49000)]
  0x000000010100e000 JavaThread "Service Thread" daemon [_thread_blocked, id=30979, stack(0x00007000105ba000,0x00007000106ba000)]
  0x0000000102036800 JavaThread "C1 CompilerThread3" daemon [_thread_blocked, id=30467, stack(0x00007000104b7000,0x00007000105b7000)]
  0x000000010101f800 JavaThread "C2 CompilerThread2" daemon [_thread_in_native, id=29955, stack(0x00007000103b4000,0x00007000104b4000)]
  0x0000000102036000 JavaThread "C2 CompilerThread1" daemon [_thread_blocked, id=29443, stack(0x00007000102b1000,0x00007000103b1000)]
  0x0000000102034000 JavaThread "C2 CompilerThread0" daemon [_thread_in_native, id=28931, stack(0x00007000101ae000,0x00007000102ae000)]
  0x000000010201b000 JavaThread "Signal Dispatcher" daemon [_thread_blocked, id=28419, stack(0x00007000100ab000,0x00007000101ab000)]
  0x0000000101848800 JavaThread "Finalizer" daemon [_thread_blocked, id=27139, stack(0x000070000ffa8000,0x00007000100a8000)]
  0x0000000101848000 JavaThread "Reference Handler" daemon [_thread_blocked, id=26627, stack(0x000070000fea5000,0x000070000ffa5000)]
  0x0000000104830800 JavaThread "main" [_thread_in_native, id=775, stack(0x00007fff5f400000,0x00007fff5fc00000)]

Other Threads:
  0x0000000101845000 VMThread [stack: 0x000070000fda2000,0x000070000fea2000] [id=26115]
  0x0000000101016000 WatcherThread [stack: 0x00007000106bd000,0x00007000107bd000] [id=31491]

VM state:not at safepoint (normal execution)

VM Mutex/Monitor currently owned by a thread: None

Heap:
 PSYoungGen      total 278528K, used 160914K [0x00000007aab00000, 0x00000007bd080000, 0x00000007c0000000)
  eden space 259584K, 61% used [0x00000007aab00000,0x00000007b48249d0,0x00000007ba880000)
  from space 18944K, 0% used [0x00000007bbe00000,0x00000007bbe00000,0x00000007bd080000)
  to   space 20480K, 0% used [0x00000007ba880000,0x00000007ba880000,0x00000007bbc80000)
 ParOldGen       total 203264K, used 74057K [0x0000000780000000, 0x000000078c680000, 0x00000007aab00000)
  object space 203264K, 36% used [0x0000000780000000,0x00000007848527f8,0x000000078c680000)
 Metaspace       used 91985K, capacity 98597K, committed 98912K, reserved 1136640K
  class space    used 10545K, capacity 12553K, committed 12640K, reserved 1048576K

Card table byte_map: [0x0000000104476000,0x0000000104677000] byte_map_base: 0x0000000100876000

Marking Bits: (ParMarkBitMap*) 0x00000001080c27a0
 Begin Bits: [0x0000000117769000, 0x0000000118769000)
 End Bits:   [0x0000000118769000, 0x0000000119769000)

Polling page: 0x0000000100399000

CodeCache: size=245760Kb used=90567Kb max_used=90601Kb free=155192Kb
 bounds [0x0000000108769000, 0x000000010e0f9000, 0x0000000117769000]
 total_blobs=21960 nmethods=21244 adapters=623
 compilation: enabled

Compilation events (10 events):
Event: 18645.474 Thread 0x0000000102036800 32121       3       org.eclipse.cdt.managedbuilder.internal.macros.MbsMacroSupplier::getMacroNames (119 bytes)
Event: 18645.474 Thread 0x0000000102036800 nmethod 32121 0x000000010b0dfb10 code [0x000000010b0dfcc0, 0x000000010b0e0188]
Event: 18645.475 Thread 0x0000000102036800 32122       3       org.eclipse.cdt.internal.core.settings.model.CDataProxyContainer::getChildrenProxyProvider (20 bytes)
Event: 18645.475 Thread 0x0000000102036800 nmethod 32122 0x000000010de61950 code [0x000000010de61ac0, 0x000000010de61d48]
Event: 18645.483 Thread 0x0000000102036800 32123       3       org.eclipse.cdt.core.settings.model.extension.impl.CDefaultFolderData::getLanguageDatas (25 bytes)
Event: 18645.483 Thread 0x0000000102036800 nmethod 32123 0x000000010ac17ad0 code [0x000000010ac17c60, 0x000000010ac180b8]
Event: 18645.489 Thread 0x0000000102036000 32124       4       org.eclipse.core.runtime.ProgressMonitorWrapper::<init> (14 bytes)
Event: 18645.491 Thread 0x0000000102036000 nmethod 32124 0x000000010901f310 code [0x000000010901f460, 0x000000010901f4f8]
Event: 18645.491 Thread 0x000000010101f800 32125       4       org.eclipse.cdt.internal.core.pdom.indexer.PDOMIndexerTask$1::compare (13 bytes)
Event: 18645.495 Thread 0x0000000102034000 32126       4       org.eclipse.osgi.internal.loader.classpath.ClasspathManager::findLocalResources (177 bytes)

GC Heap History (10 events):
Event: 18550.522 GC heap before
{Heap before GC invocations=636 (full 300):
 PSYoungGen      total 260608K, used 124987K [0x00000007aab00000, 0x00000007bd680000, 0x00000007c0000000)
  eden space 256512K, 48% used [0x00000007aab00000,0x00000007b250ee28,0x00000007ba580000)
  from space 4096K, 0% used [0x00000007ba580000,0x00000007ba580000,0x00000007ba980000)
  to   space 25088K, 0% used [0x00000007bbe00000,0x00000007bbe00000,0x00000007bd680000)
 ParOldGen       total 203264K, used 75002K [0x0000000780000000, 0x000000078c680000, 0x00000007aab00000)
  object space 203264K, 36% used [0x0000000780000000,0x000000078493e9c8,0x000000078c680000)
 Metaspace       used 91927K, capacity 98533K, committed 98912K, reserved 1136640K
  class space    used 10545K, capacity 12553K, committed 12640K, reserved 1048576K
Event: 18550.527 GC heap after
Heap after GC invocations=636 (full 300):
 PSYoungGen      total 278528K, used 2720K [0x00000007aab00000, 0x00000007bd380000, 0x00000007c0000000)
  eden space 256512K, 0% used [0x00000007aab00000,0x00000007aab00000,0x00000007ba580000)
  from space 22016K, 12% used [0x00000007bbe00000,0x00000007bc0a8270,0x00000007bd380000)
  to   space 23552K, 0% used [0x00000007ba580000,0x00000007ba580000,0x00000007bbc80000)
 ParOldGen       total 203264K, used 75002K [0x0000000780000000, 0x000000078c680000, 0x00000007aab00000)
  object space 203264K, 36% used [0x0000000780000000,0x000000078493e9c8,0x000000078c680000)
 Metaspace       used 91927K, capacity 98533K, committed 98912K, reserved 1136640K
  class space    used 10545K, capacity 12553K, committed 12640K, reserved 1048576K
}
Event: 18550.527 GC heap before
{Heap before GC invocations=637 (full 301):
 PSYoungGen      total 278528K, used 2720K [0x00000007aab00000, 0x00000007bd380000, 0x00000007c0000000)
  eden space 256512K, 0% used [0x00000007aab00000,0x00000007aab00000,0x00000007ba580000)
  from space 22016K, 12% used [0x00000007bbe00000,0x00000007bc0a8270,0x00000007bd380000)
  to   space 23552K, 0% used [0x00000007ba580000,0x00000007ba580000,0x00000007bbc80000)
 ParOldGen       total 203264K, used 75002K [0x0000000780000000, 0x000000078c680000, 0x00000007aab00000)
  object space 203264K, 36% used [0x0000000780000000,0x000000078493e9c8,0x000000078c680000)
 Metaspace       used 91927K, capacity 98533K, committed 98912K, reserved 1136640K
  class space    used 10545K, capacity 12553K, committed 12640K, reserved 1048576K
Event: 18550.676 GC heap after
Heap after GC invocations=637 (full 301):
 PSYoungGen      total 278528K, used 0K [0x00000007aab00000, 0x00000007bd380000, 0x00000007c0000000)
  eden space 256512K, 0% used [0x00000007aab00000,0x00000007aab00000,0x00000007ba580000)
  from space 22016K, 0% used [0x00000007bbe00000,0x00000007bbe00000,0x00000007bd380000)
  to   space 23552K, 0% used [0x00000007ba580000,0x00000007ba580000,0x00000007bbc80000)
 ParOldGen       total 203264K, used 73857K [0x0000000780000000, 0x000000078c680000, 0x00000007aab00000)
  object space 203264K, 36% used [0x0000000780000000,0x0000000784820488,0x000000078c680000)
 Metaspace       used 91927K, capacity 98533K, committed 98912K, reserved 1136640K
  class space    used 10545K, capacity 12553K, committed 12640K, reserved 1048576K
}
Event: 18601.283 GC heap before
{Heap before GC invocations=638 (full 301):
 PSYoungGen      total 278528K, used 256512K [0x00000007aab00000, 0x00000007bd380000, 0x00000007c0000000)
  eden space 256512K, 100% used [0x00000007aab00000,0x00000007ba580000,0x00000007ba580000)
  from space 22016K, 0% used [0x00000007bbe00000,0x00000007bbe00000,0x00000007bd380000)
  to   space 23552K, 0% used [0x00000007ba580000,0x00000007ba580000,0x00000007bbc80000)
 ParOldGen       total 203264K, used 73857K [0x0000000780000000, 0x000000078c680000, 0x00000007aab00000)
  object space 203264K, 36% used [0x0000000780000000,0x0000000784820488,0x000000078c680000)
 Metaspace       used 91958K, capacity 98533K, committed 98912K, reserved 1136640K
  class space    used 10545K, capacity 12553K, committed 12640K, reserved 1048576K
Event: 18601.288 GC heap after
Heap after GC invocations=638 (full 301):
 PSYoungGen      total 280064K, used 4423K [0x00000007aab00000, 0x00000007bd380000, 0x00000007c0000000)
  eden space 256512K, 0% used [0x00000007aab00000,0x00000007aab00000,0x00000007ba580000)
  from space 23552K, 18% used [0x00000007ba580000,0x00000007ba9d1c60,0x00000007bbc80000)
  to   space 22016K, 0% used [0x00000007bbe00000,0x00000007bbe00000,0x00000007bd380000)
 ParOldGen       total 203264K, used 73865K [0x0000000780000000, 0x000000078c680000, 0x00000007aab00000)
  object space 203264K, 36% used [0x0000000780000000,0x0000000784822488,0x000000078c680000)
 Metaspace       used 91958K, capacity 98533K, committed 98912K, reserved 1136640K
  class space    used 10545K, capacity 12553K, committed 12640K, reserved 1048576K
}
Event: 18610.523 GC heap before
{Heap before GC invocations=639 (full 301):
 PSYoungGen      total 280064K, used 23870K [0x00000007aab00000, 0x00000007bd380000, 0x00000007c0000000)
  eden space 256512K, 7% used [0x00000007aab00000,0x00000007abdfdee8,0x00000007ba580000)
  from space 23552K, 18% used [0x00000007ba580000,0x00000007ba9d1c60,0x00000007bbc80000)
  to   space 22016K, 0% used [0x00000007bbe00000,0x00000007bbe00000,0x00000007bd380000)
 ParOldGen       total 203264K, used 73865K [0x0000000780000000, 0x000000078c680000, 0x00000007aab00000)
  object space 203264K, 36% used [0x0000000780000000,0x0000000784822488,0x000000078c680000)
 Metaspace       used 91959K, capacity 98597K, committed 98912K, reserved 1136640K
  class space    used 10545K, capacity 12553K, committed 12640K, reserved 1048576K
Event: 18610.528 GC heap after
Heap after GC invocations=639 (full 301):
 PSYoungGen      total 278528K, used 4123K [0x00000007aab00000, 0x00000007bd080000, 0x00000007c0000000)
  eden space 259584K, 0% used [0x00000007aab00000,0x00000007aab00000,0x00000007ba880000)
  from space 18944K, 21% used [0x00000007bbe00000,0x00000007bc206fe8,0x00000007bd080000)
  to   space 20480K, 0% used [0x00000007ba880000,0x00000007ba880000,0x00000007bbc80000)
 ParOldGen       total 203264K, used 73865K [0x0000000780000000, 0x000000078c680000, 0x00000007aab00000)
  object space 203264K, 36% used [0x0000000780000000,0x0000000784822488,0x000000078c680000)
 Metaspace       used 91959K, capacity 98597K, committed 98912K, reserved 1136640K
  class space    used 10545K, capacity 12553K, committed 12640K, reserved 1048576K
}
Event: 18610.528 GC heap before
{Heap before GC invocations=640 (full 302):
 PSYoungGen      total 278528K, used 4123K [0x00000007aab00000, 0x00000007bd080000, 0x00000007c0000000)
  eden space 259584K, 0% used [0x00000007aab00000,0x00000007aab00000,0x00000007ba880000)
  from space 18944K, 21% used [0x00000007bbe00000,0x00000007bc206fe8,0x00000007bd080000)
  to   space 20480K, 0% used [0x00000007ba880000,0x00000007ba880000,0x00000007bbc80000)
 ParOldGen       total 203264K, used 73865K [0x0000000780000000, 0x000000078c680000, 0x00000007aab00000)
  object space 203264K, 36% used [0x0000000780000000,0x0000000784822488,0x000000078c680000)
 Metaspace       used 91959K, capacity 98597K, committed 98912K, reserved 1136640K
  class space    used 10545K, capacity 12553K, committed 12640K, reserved 1048576K
Event: 18610.693 GC heap after
Heap after GC invocations=640 (full 302):
 PSYoungGen      total 278528K, used 0K [0x00000007aab00000, 0x00000007bd080000, 0x00000007c0000000)
  eden space 259584K, 0% used [0x00000007aab00000,0x00000007aab00000,0x00000007ba880000)
  from space 18944K, 0% used [0x00000007bbe00000,0x00000007bbe00000,0x00000007bd080000)
  to   space 20480K, 0% used [0x00000007ba880000,0x00000007ba880000,0x00000007bbc80000)
 ParOldGen       total 203264K, used 74057K [0x0000000780000000, 0x000000078c680000, 0x00000007aab00000)
  object space 203264K, 36% used [0x0000000780000000,0x00000007848527f8,0x000000078c680000)
 Metaspace       used 91959K, capacity 98597K, committed 98912K, reserved 1136640K
  class space    used 10545K, capacity 12553K, committed 12640K, reserved 1048576K
}

Deoptimization events (10 events):
Event: 18292.028 Thread 0x00000001015dd800 Uncommon trap: reason=class_check action=maybe_recompile pc=0x000000010d34ccd4 method=com.nvidia.cuda.ide.language.CUDACSourceParser.initDeclarator(Lcom/nvidia/cuda/ide/language/CUDACSourceParser$DtorStrategy;Lorg/eclipse/cdt/core/dom/ast/IASTDeclSpecifie
Event: 18292.033 Thread 0x00000001015dd800 Uncommon trap: reason=unstable_if action=reinterpret pc=0x000000010dd36958 method=org.eclipse.cdt.internal.core.dom.parser.cpp.semantics.CPPVisitor.createBinding(Lorg/eclipse/cdt/core/dom/ast/IASTDeclarator;)Lorg/eclipse/cdt/core/dom/ast/IBinding; @ 644
Event: 18292.033 Thread 0x00000001015dd800 Uncommon trap: reason=class_check action=maybe_recompile pc=0x0000000109b17254 method=org.eclipse.cdt.internal.ui.editor.SemanticHighlightings$MethodDeclarationHighlighting.consumes(Lorg/eclipse/cdt/ui/text/ISemanticToken;)Z @ 64
Event: 18292.033 Thread 0x00000001015dd800 Uncommon trap: reason=unstable_if action=reinterpret pc=0x000000010c7f75cc method=org.eclipse.cdt.internal.ui.editor.SemanticHighlightings$FunctionDeclarationHighlighting.consumes(Lorg/eclipse/cdt/ui/text/ISemanticToken;)Z @ 68
Event: 18292.042 Thread 0x00000001015dd800 Uncommon trap: reason=unstable_if action=reinterpret pc=0x000000010ca71fd0 method=org.eclipse.cdt.codan.internal.checkers.ProblemBindingChecker$1.visit(Lorg/eclipse/cdt/core/dom/ast/IASTName;)I @ 247
Event: 18294.569 Thread 0x00000001015dd800 Uncommon trap: reason=class_check action=maybe_recompile pc=0x000000010d34ccd4 method=com.nvidia.cuda.ide.language.CUDACSourceParser.initDeclarator(Lcom/nvidia/cuda/ide/language/CUDACSourceParser$DtorStrategy;Lorg/eclipse/cdt/core/dom/ast/IASTDeclSpecifie
Event: 18294.574 Thread 0x00000001015dd800 Uncommon trap: reason=class_check action=maybe_recompile pc=0x0000000109b17254 method=org.eclipse.cdt.internal.ui.editor.SemanticHighlightings$MethodDeclarationHighlighting.consumes(Lorg/eclipse/cdt/ui/text/ISemanticToken;)Z @ 64
Event: 18461.468 Thread 0x0000000104830800 Uncommon trap: reason=unstable_if action=reinterpret pc=0x0000000109108f70 method=org.eclipse.core.internal.resources.Marker.checkInfo(Lorg/eclipse/core/internal/resources/MarkerInfo;)V @ 1
Event: 18510.379 Thread 0x0000000104830800 Uncommon trap: reason=unstable_if action=reinterpret pc=0x000000010b2dd624 method=org.eclipse.cdt.internal.ui.text.spelling.engine.DefaultPhoneticHashProvider.getHash(Ljava/lang/String;)Ljava/lang/String; @ 682
Event: 18611.829 Thread 0x0000000104830800 Uncommon trap: reason=null_check action=make_not_entrant pc=0x0000000108f05b68 method=org.eclipse.swt.custom.CLabel.setText(Ljava/lang/String;)V @ 17

Internal exceptions (10 events):
Event: 18645.314 Thread 0x000000013b0f4800 Exception <a 'java/lang/UnsatisfiedLinkError': org.eclipse.cdt.utils.spawner.SpawnerInputStream.available0(I)I> (0x00000007b3a86250) thrown at [/Users/java_re/workspace/8-2-build-macosx-x86_64/jdk8u45/3457/hotspot/src/share/vm/prims/nativeLookup.cpp, line
Event: 18645.318 Thread 0x0000000101b2b800 Exception <a 'java/lang/UnsatisfiedLinkError': org.eclipse.cdt.utils.spawner.SpawnerInputStream.available0(I)I> (0x00000007b3b8a770) thrown at [/Users/java_re/workspace/8-2-build-macosx-x86_64/jdk8u45/3457/hotspot/src/share/vm/prims/nativeLookup.cpp, line
Event: 18645.366 Thread 0x000000012840e800 Exception <a 'java/lang/UnsatisfiedLinkError': org.eclipse.cdt.utils.spawner.SpawnerInputStream.available0(I)I> (0x00000007b3eaa5c0) thrown at [/Users/java_re/workspace/8-2-build-macosx-x86_64/jdk8u45/3457/hotspot/src/share/vm/prims/nativeLookup.cpp, line
Event: 18645.368 Thread 0x000000012840e800 Exception <a 'java/lang/UnsatisfiedLinkError': org.eclipse.cdt.utils.spawner.SpawnerInputStream.available0(I)I> (0x00000007b3eac168) thrown at [/Users/java_re/workspace/8-2-build-macosx-x86_64/jdk8u45/3457/hotspot/src/share/vm/prims/nativeLookup.cpp, line
Event: 18645.421 Thread 0x000000013138f000 Exception <a 'java/lang/UnsatisfiedLinkError': org.eclipse.cdt.utils.spawner.SpawnerInputStream.available0(I)I> (0x00000007b3fe33e0) thrown at [/Users/java_re/workspace/8-2-build-macosx-x86_64/jdk8u45/3457/hotspot/src/share/vm/prims/nativeLookup.cpp, line
Event: 18645.437 Thread 0x000000013138f000 Exception <a 'java/lang/UnsatisfiedLinkError': org.eclipse.cdt.utils.spawner.SpawnerInputStream.available0(I)I> (0x00000007b3fe5530) thrown at [/Users/java_re/workspace/8-2-build-macosx-x86_64/jdk8u45/3457/hotspot/src/share/vm/prims/nativeLookup.cpp, line
Event: 18645.439 Thread 0x000000013138f000 Exception <a 'java/lang/UnsatisfiedLinkError': org.eclipse.cdt.utils.spawner.SpawnerInputStream.available0(I)I> (0x00000007b3fe7f40) thrown at [/Users/java_re/workspace/8-2-build-macosx-x86_64/jdk8u45/3457/hotspot/src/share/vm/prims/nativeLookup.cpp, line
Event: 18645.441 Thread 0x000000013138f000 Exception <a 'java/lang/UnsatisfiedLinkError': org.eclipse.cdt.utils.spawner.SpawnerInputStream.available0(I)I> (0x00000007b3ff1848) thrown at [/Users/java_re/workspace/8-2-build-macosx-x86_64/jdk8u45/3457/hotspot/src/share/vm/prims/nativeLookup.cpp, line
Event: 18645.442 Thread 0x000000013138f000 Exception <a 'java/lang/UnsatisfiedLinkError': org.eclipse.cdt.utils.spawner.SpawnerInputStream.available0(I)I> (0x00000007b3ff1e48) thrown at [/Users/java_re/workspace/8-2-build-macosx-x86_64/jdk8u45/3457/hotspot/src/share/vm/prims/nativeLookup.cpp, line
Event: 18645.446 Thread 0x00000001311b5800 Exception <a 'java/lang/UnsatisfiedLinkError': org.eclipse.cdt.utils.spawner.SpawnerInputStream.available0(I)I> (0x00000007b40f6368) thrown at [/Users/java_re/workspace/8-2-build-macosx-x86_64/jdk8u45/3457/hotspot/src/share/vm/prims/nativeLookup.cpp, line

Events (10 events):
Event: 18645.490 Executing VM operation: RevokeBias done
Event: 18645.490 Executing VM operation: RevokeBias
Event: 18645.490 Executing VM operation: RevokeBias done
Event: 18645.491 Executing VM operation: RevokeBias
Event: 18645.491 Executing VM operation: RevokeBias done
Event: 18645.492 Executing VM operation: RevokeBias
Event: 18645.492 Executing VM operation: RevokeBias done
Event: 18645.492 Executing VM operation: RevokeBias
Event: 18645.492 Executing VM operation: RevokeBias done
Event: 18645.495 Thread 0x0000000101b2b800 Thread added: 0x0000000101b2b800


Dynamic libraries:
0x00000000436fa000 	/System/Library/Frameworks/Cocoa.framework/Versions/A/Cocoa
0x00000000436fa000 	/usr/lib/libSystem.B.dylib
0x00000000436fa000 	/System/Library/Frameworks/CoreServices.framework/Versions/A/CoreServices
0x00000000436fa000 	/usr/lib/libobjc.A.dylib
0x00000000436fa000 	/System/Library/Frameworks/CoreFoundation.framework/Versions/A/CoreFoundation
0x00000000436fa000 	/System/Library/Frameworks/AppKit.framework/Versions/C/AppKit
0x00000000436fa000 	/System/Library/Frameworks/ApplicationServices.framework/Versions/A/ApplicationServices
0x00000000436fa000 	/System/Library/Frameworks/Foundation.framework/Versions/C/Foundation
0x00000000436fa000 	/System/Library/Frameworks/CoreData.framework/Versions/A/CoreData
0x00000000436fa000 	/System/Library/PrivateFrameworks/RemoteViewServices.framework/Versions/A/RemoteViewServices
0x00000000436fa000 	/System/Library/PrivateFrameworks/UIFoundation.framework/Versions/A/UIFoundation
0x00000000436fa000 	/System/Library/PrivateFrameworks/DFRFoundation.framework/Versions/A/DFRFoundation
0x00000000436fa000 	/usr/lib/libenergytrace.dylib
0x00000000436fa000 	/System/Library/PrivateFrameworks/SkyLight.framework/Versions/A/SkyLight
0x00000000436fa000 	/System/Library/Frameworks/CoreGraphics.framework/Versions/A/CoreGraphics
0x00000000436fa000 	/usr/lib/libScreenReader.dylib
0x00000000436fa000 	/System/Library/Frameworks/Accelerate.framework/Versions/A/Accelerate
0x00000000436fa000 	/System/Library/Frameworks/IOSurface.framework/Versions/A/IOSurface
0x00000000436fa000 	/System/Library/Frameworks/AudioToolbox.framework/Versions/A/AudioToolbox
0x00000000436fa000 	/System/Library/Frameworks/AudioUnit.framework/Versions/A/AudioUnit
0x00000000436fa000 	/System/Library/PrivateFrameworks/DataDetectorsCore.framework/Versions/A/DataDetectorsCore
0x00000000436fa000 	/System/Library/PrivateFrameworks/DesktopServicesPriv.framework/Versions/A/DesktopServicesPriv
0x00000000436fa000 	/System/Library/Frameworks/Carbon.framework/Versions/A/Frameworks/HIToolbox.framework/Versions/A/HIToolbox
0x00000000436fa000 	/usr/lib/libicucore.A.dylib
0x00000000436fa000 	/usr/lib/libz.1.dylib
0x00000000436fa000 	/System/Library/Frameworks/QuartzCore.framework/Versions/A/QuartzCore
0x00000000436fa000 	/System/Library/Frameworks/Security.framework/Versions/A/Security
0x00000000436fa000 	/System/Library/Frameworks/Carbon.framework/Versions/A/Frameworks/SpeechRecognition.framework/Versions/A/SpeechRecognition
0x00000000436fa000 	/usr/lib/libauto.dylib
0x00000000436fa000 	/usr/lib/libxml2.2.dylib
0x00000000436fa000 	/System/Library/PrivateFrameworks/CoreUI.framework/Versions/A/CoreUI
0x00000000436fa000 	/System/Library/Frameworks/CoreAudio.framework/Versions/A/CoreAudio
0x00000000436fa000 	/System/Library/Frameworks/DiskArbitration.framework/Versions/A/DiskArbitration
0x00000000436fa000 	/usr/lib/liblangid.dylib
0x00000000436fa000 	/System/Library/PrivateFrameworks/MultitouchSupport.framework/Versions/A/MultitouchSupport
0x00000000436fa000 	/System/Library/Frameworks/IOKit.framework/Versions/A/IOKit
0x00000000436fa000 	/usr/lib/libDiagnosticMessagesClient.dylib
0x00000000436fa000 	/System/Library/PrivateFrameworks/PerformanceAnalysis.framework/Versions/A/PerformanceAnalysis
0x00000000436fa000 	/System/Library/PrivateFrameworks/GenerationalStorage.framework/Versions/A/GenerationalStorage
0x00000000436fa000 	/System/Library/Frameworks/OpenGL.framework/Versions/A/OpenGL
0x00000000436fa000 	/System/Library/Frameworks/CoreImage.framework/Versions/A/CoreImage
0x00000000436fa000 	/System/Library/Frameworks/CoreText.framework/Versions/A/CoreText
0x00000000436fa000 	/System/Library/Frameworks/ImageIO.framework/Versions/A/ImageIO
0x00000000436fa000 	/System/Library/PrivateFrameworks/Backup.framework/Versions/A/Backup
0x00000000436fa000 	/usr/lib/libarchive.2.dylib
0x00000000436fa000 	/System/Library/Frameworks/CFNetwork.framework/Versions/A/CFNetwork
0x00000000436fa000 	/System/Library/Frameworks/SystemConfiguration.framework/Versions/A/SystemConfiguration
0x00000000436fa000 	/usr/lib/libCRFSuite.dylib
0x00000000436fa000 	/usr/lib/libc++.1.dylib
0x00000000436fa000 	/usr/lib/libc++abi.dylib
0x00000000436fa000 	/usr/lib/system/libcache.dylib
0x00000000436fa000 	/usr/lib/system/libcommonCrypto.dylib
0x00000000436fa000 	/usr/lib/system/libcompiler_rt.dylib
0x00000000436fa000 	/usr/lib/system/libcopyfile.dylib
0x00000000436fa000 	/usr/lib/system/libcorecrypto.dylib
0x00000000436fa000 	/usr/lib/system/libdispatch.dylib
0x00000000436fa000 	/usr/lib/system/libdyld.dylib
0x00000000436fa000 	/usr/lib/system/libkeymgr.dylib
0x00000000436fa000 	/usr/lib/system/liblaunch.dylib
0x00000000436fa000 	/usr/lib/system/libmacho.dylib
0x00000000436fa000 	/usr/lib/system/libquarantine.dylib
0x00000000436fa000 	/usr/lib/system/libremovefile.dylib
0x00000000436fa000 	/usr/lib/system/libsystem_asl.dylib
0x00000000436fa000 	/usr/lib/system/libsystem_blocks.dylib
0x00000000436fa000 	/usr/lib/system/libsystem_c.dylib
0x00000000436fa000 	/usr/lib/system/libsystem_configuration.dylib
0x00000000436fa000 	/usr/lib/system/libsystem_coreservices.dylib
0x00000000436fa000 	/usr/lib/system/libsystem_coretls.dylib
0x00000000436fa000 	/usr/lib/system/libsystem_dnssd.dylib
0x00000000436fa000 	/usr/lib/system/libsystem_info.dylib
0x00000000436fa000 	/usr/lib/system/libsystem_kernel.dylib
0x00000000436fa000 	/usr/lib/system/libsystem_m.dylib
0x00000000436fa000 	/usr/lib/system/libsystem_malloc.dylib
0x00000000436fa000 	/usr/lib/system/libsystem_network.dylib
0x00000000436fa000 	/usr/lib/system/libsystem_networkextension.dylib
0x00000000436fa000 	/usr/lib/system/libsystem_notify.dylib
0x00000000436fa000 	/usr/lib/system/libsystem_platform.dylib
0x00000000436fa000 	/usr/lib/system/libsystem_pthread.dylib
0x00000000436fa000 	/usr/lib/system/libsystem_sandbox.dylib
0x00000000436fa000 	/usr/lib/system/libsystem_secinit.dylib
0x00000000436fa000 	/usr/lib/system/libsystem_symptoms.dylib
0x00000000436fa000 	/usr/lib/system/libsystem_trace.dylib
0x00000000436fa000 	/usr/lib/system/libunwind.dylib
0x00000000436fa000 	/usr/lib/system/libxpc.dylib
0x00000000436fa000 	/usr/lib/libbsm.0.dylib
0x00000000436fa000 	/usr/lib/system/libkxld.dylib
0x00000000436fa000 	/usr/lib/libcoretls.dylib
0x00000000436fa000 	/usr/lib/libcoretls_cfhelpers.dylib
0x00000000436fa000 	/usr/lib/libxar.1.dylib
0x00000000436fa000 	/usr/lib/libsqlite3.dylib
0x00000000436fa000 	/usr/lib/libpam.2.dylib
0x00000000436fa000 	/usr/lib/libOpenScriptingUtil.dylib
0x00000000436fa000 	/usr/lib/libbz2.1.0.dylib
0x00000000436fa000 	/usr/lib/liblzma.5.dylib
0x00000000436fa000 	/usr/lib/libnetwork.dylib
0x00000000436fa000 	/usr/lib/libpcap.A.dylib
0x00000000436fa000 	/System/Library/Frameworks/CoreServices.framework/Versions/A/Frameworks/FSEvents.framework/Versions/A/FSEvents
0x00000000436fa000 	/System/Library/Frameworks/CoreServices.framework/Versions/A/Frameworks/CarbonCore.framework/Versions/A/CarbonCore
0x00000000436fa000 	/System/Library/Frameworks/CoreServices.framework/Versions/A/Frameworks/Metadata.framework/Versions/A/Metadata
0x00000000436fa000 	/System/Library/Frameworks/CoreServices.framework/Versions/A/Frameworks/OSServices.framework/Versions/A/OSServices
0x00000000436fa000 	/System/Library/Frameworks/CoreServices.framework/Versions/A/Frameworks/SearchKit.framework/Versions/A/SearchKit
0x00000000436fa000 	/System/Library/Frameworks/CoreServices.framework/Versions/A/Frameworks/AE.framework/Versions/A/AE
0x00000000436fa000 	/System/Library/Frameworks/CoreServices.framework/Versions/A/Frameworks/LaunchServices.framework/Versions/A/LaunchServices
0x00000000436fa000 	/System/Library/Frameworks/CoreServices.framework/Versions/A/Frameworks/DictionaryServices.framework/Versions/A/DictionaryServices
0x00000000436fa000 	/System/Library/Frameworks/CoreServices.framework/Versions/A/Frameworks/SharedFileList.framework/Versions/A/SharedFileList
0x00000000436fa000 	/System/Library/Frameworks/NetFS.framework/Versions/A/NetFS
0x00000000436fa000 	/System/Library/PrivateFrameworks/NetAuth.framework/Versions/A/NetAuth
0x00000000436fa000 	/System/Library/PrivateFrameworks/login.framework/Versions/A/Frameworks/loginsupport.framework/Versions/A/loginsupport
0x00000000436fa000 	/System/Library/PrivateFrameworks/TCC.framework/Versions/A/TCC
0x00000000436fa000 	/usr/lib/libmecabra.dylib
0x00000000436fa000 	/System/Library/Frameworks/ApplicationServices.framework/Versions/A/Frameworks/ATS.framework/Versions/A/ATS
0x00000000436fa000 	/System/Library/Frameworks/ApplicationServices.framework/Versions/A/Frameworks/ColorSync.framework/Versions/A/ColorSync
0x00000000436fa000 	/System/Library/Frameworks/ApplicationServices.framework/Versions/A/Frameworks/HIServices.framework/Versions/A/HIServices
0x00000000436fa000 	/System/Library/Frameworks/ApplicationServices.framework/Versions/A/Frameworks/LangAnalysis.framework/Versions/A/LangAnalysis
0x00000000436fa000 	/System/Library/Frameworks/ApplicationServices.framework/Versions/A/Frameworks/PrintCore.framework/Versions/A/PrintCore
0x00000000436fa000 	/System/Library/Frameworks/ApplicationServices.framework/Versions/A/Frameworks/QD.framework/Versions/A/QD
0x00000000436fa000 	/System/Library/Frameworks/ApplicationServices.framework/Versions/A/Frameworks/SpeechSynthesis.framework/Versions/A/SpeechSynthesis
0x00000000436fa000 	/System/Library/Frameworks/Accelerate.framework/Versions/A/Frameworks/vImage.framework/Versions/A/vImage
0x00000000436fa000 	/System/Library/Frameworks/Accelerate.framework/Versions/A/Frameworks/vecLib.framework/Versions/A/vecLib
0x00000000436fa000 	/System/Library/Frameworks/Accelerate.framework/Versions/A/Frameworks/vecLib.framework/Versions/A/libvDSP.dylib
0x00000000436fa000 	/System/Library/Frameworks/Accelerate.framework/Versions/A/Frameworks/vecLib.framework/Versions/A/libBNNS.dylib
0x00000000436fa000 	/System/Library/Frameworks/Accelerate.framework/Versions/A/Frameworks/vecLib.framework/Versions/A/libQuadrature.dylib
0x00000000436fa000 	/System/Library/Frameworks/Accelerate.framework/Versions/A/Frameworks/vecLib.framework/Versions/A/libvMisc.dylib
0x00000000436fa000 	/System/Library/Frameworks/Accelerate.framework/Versions/A/Frameworks/vecLib.framework/Versions/A/libLAPACK.dylib
0x00000000436fa000 	/System/Library/Frameworks/Accelerate.framework/Versions/A/Frameworks/vecLib.framework/Versions/A/libBLAS.dylib
0x00000000436fa000 	/System/Library/Frameworks/Accelerate.framework/Versions/A/Frameworks/vecLib.framework/Versions/A/libLinearAlgebra.dylib
0x00000000436fa000 	/System/Library/Frameworks/Accelerate.framework/Versions/A/Frameworks/vecLib.framework/Versions/A/libSparseBLAS.dylib
0x00000000436fa000 	/System/Library/Frameworks/ApplicationServices.framework/Versions/A/Frameworks/ATS.framework/Versions/A/Resources/libFontParser.dylib
0x00000000436fa000 	/System/Library/Frameworks/ApplicationServices.framework/Versions/A/Frameworks/ATS.framework/Versions/A/Resources/libFontRegistry.dylib
0x00000000436fa000 	/System/Library/Frameworks/ImageIO.framework/Versions/A/Resources/libJPEG.dylib
0x00000000436fa000 	/System/Library/Frameworks/ImageIO.framework/Versions/A/Resources/libTIFF.dylib
0x00000000436fa000 	/System/Library/Frameworks/ImageIO.framework/Versions/A/Resources/libPng.dylib
0x00000000436fa000 	/System/Library/Frameworks/ImageIO.framework/Versions/A/Resources/libGIF.dylib
0x00000000436fa000 	/System/Library/Frameworks/ImageIO.framework/Versions/A/Resources/libJP2.dylib
0x00000000436fa000 	/System/Library/Frameworks/ImageIO.framework/Versions/A/Resources/libRadiance.dylib
0x00000000436fa000 	/usr/lib/libcompression.dylib
0x00000000436fa000 	/System/Library/PrivateFrameworks/AppleJPEG.framework/Versions/A/AppleJPEG
0x00000000436fa000 	/usr/lib/libcups.2.dylib
0x00000000436fa000 	/System/Library/Frameworks/Kerberos.framework/Versions/A/Kerberos
0x00000000436fa000 	/System/Library/Frameworks/GSS.framework/Versions/A/GSS
0x00000000436fa000 	/usr/lib/libresolv.9.dylib
0x00000000436fa000 	/usr/lib/libiconv.2.dylib
0x00000000436fa000 	/System/Library/PrivateFrameworks/Heimdal.framework/Versions/A/Heimdal
0x00000000436fa000 	/usr/lib/libheimdal-asn1.dylib
0x00000000436fa000 	/System/Library/Frameworks/OpenDirectory.framework/Versions/A/OpenDirectory
0x00000000436fa000 	/System/Library/PrivateFrameworks/CommonAuth.framework/Versions/A/CommonAuth
0x00000000436fa000 	/System/Library/Frameworks/OpenDirectory.framework/Versions/A/Frameworks/CFOpenDirectory.framework/Versions/A/CFOpenDirectory
0x00000000436fa000 	/System/Library/Frameworks/SecurityFoundation.framework/Versions/A/SecurityFoundation
0x00000000436fa000 	/System/Library/PrivateFrameworks/LanguageModeling.framework/Versions/A/LanguageModeling
0x00000000436fa000 	/usr/lib/libmarisa.dylib
0x00000000436fa000 	/usr/lib/libChineseTokenizer.dylib
0x00000000436fa000 	/usr/lib/libcmph.dylib
0x00000000436fa000 	/System/Library/PrivateFrameworks/CoreEmoji.framework/Versions/A/CoreEmoji
0x00000000436fa000 	/System/Library/Frameworks/ServiceManagement.framework/Versions/A/ServiceManagement
0x00000000436fa000 	/usr/lib/libxslt.1.dylib
0x00000000436fa000 	/System/Library/Frameworks/Carbon.framework/Versions/A/Frameworks/Ink.framework/Versions/A/Ink
0x00000000436fa000 	/System/Library/PrivateFrameworks/TextureIO.framework/Versions/A/TextureIO
0x00000000436fa000 	/System/Library/Frameworks/Metal.framework/Versions/A/Metal
0x00000000436fa000 	/usr/lib/libate.dylib
0x00000000436fa000 	/System/Library/PrivateFrameworks/GPUCompiler.framework/libmetal_timestamp.dylib
0x00000000436fa000 	/System/Library/Frameworks/OpenGL.framework/Versions/A/Libraries/libCoreFSCache.dylib
0x00000000436fa000 	/System/Library/PrivateFrameworks/IOAccelerator.framework/Versions/A/IOAccelerator
0x00000000436fa000 	/System/Library/Frameworks/CoreVideo.framework/Versions/A/CoreVideo
0x00000000436fa000 	/usr/lib/libFosl_dynamic.dylib
0x00000000436fa000 	/System/Library/PrivateFrameworks/MetalPerformanceShaders.framework/Versions/A/MetalPerformanceShaders
0x00000000436fa000 	/System/Library/PrivateFrameworks/FaceCore.framework/Versions/A/FaceCore
0x00000000436fa000 	/System/Library/Frameworks/OpenCL.framework/Versions/A/OpenCL
0x00000000436fa000 	/System/Library/Frameworks/OpenGL.framework/Versions/A/Libraries/libGLU.dylib
0x00000000436fa000 	/System/Library/Frameworks/OpenGL.framework/Versions/A/Libraries/libGFXShared.dylib
0x00000000436fa000 	/System/Library/Frameworks/OpenGL.framework/Versions/A/Libraries/libGL.dylib
0x00000000436fa000 	/System/Library/Frameworks/OpenGL.framework/Versions/A/Libraries/libGLImage.dylib
0x00000000436fa000 	/System/Library/Frameworks/OpenGL.framework/Versions/A/Libraries/libCVMSPluginSupport.dylib
0x00000000436fa000 	/System/Library/Frameworks/OpenGL.framework/Versions/A/Libraries/libCoreVMClient.dylib
0x00000000436fa000 	/System/Library/PrivateFrameworks/CrashReporterSupport.framework/Versions/A/CrashReporterSupport
0x00000000436fa000 	/System/Library/PrivateFrameworks/Sharing.framework/Versions/A/Sharing
0x00000000436fa000 	/System/Library/PrivateFrameworks/IconServices.framework/Versions/A/IconServices
0x00000000436fa000 	/System/Library/PrivateFrameworks/ProtocolBuffer.framework/Versions/A/ProtocolBuffer
0x00000000436fa000 	/System/Library/PrivateFrameworks/Apple80211.framework/Versions/A/Apple80211
0x00000000436fa000 	/System/Library/Frameworks/CoreWLAN.framework/Versions/A/CoreWLAN
0x00000000436fa000 	/System/Library/PrivateFrameworks/CoreUtils.framework/Versions/A/CoreUtils
0x00000000436fa000 	/System/Library/Frameworks/IOBluetooth.framework/Versions/A/IOBluetooth
0x00000000436fa000 	/System/Library/PrivateFrameworks/CoreWiFi.framework/Versions/A/CoreWiFi
0x00000000436fa000 	/System/Library/Frameworks/CoreBluetooth.framework/Versions/A/CoreBluetooth
0x00000000436fa000 	/System/Library/Frameworks/CoreDisplay.framework/Versions/A/CoreDisplay
0x00000000436fa000 	/System/Library/PrivateFrameworks/IOPresentment.framework/Versions/A/IOPresentment
0x00000000436fa000 	/System/Library/PrivateFrameworks/DebugSymbols.framework/Versions/A/DebugSymbols
0x00000000436fa000 	/System/Library/PrivateFrameworks/CoreSymbolication.framework/Versions/A/CoreSymbolication
0x00000000436fa000 	/System/Library/PrivateFrameworks/Symbolication.framework/Versions/A/Symbolication
0x00000000436fa000 	/System/Library/PrivateFrameworks/AppleFSCompression.framework/Versions/A/AppleFSCompression
0x00000000436fa000 	/System/Library/PrivateFrameworks/SpeechRecognitionCore.framework/Versions/A/SpeechRecognitionCore
0x00000000436fa000 	/System/Library/PrivateFrameworks/ChunkingLibrary.framework/Versions/A/ChunkingLibrary
0x0000000100308000 	/Developer/NVIDIA/CUDA-8.0/libnsight/plugins/org.eclipse.equinox.launcher.cocoa.macosx.x86_64_1.1.200.v20140603-1326/eclipse_1601.so
0x00000000436fa000 	/System/Library/PrivateFrameworks/CoreServicesInternal.framework/Versions/A/CoreServicesInternal
0x0000000100346000 	/Developer/NVIDIA/CUDA-8.0/jre/Contents/MacOS/libjli.dylib
0x0000000107800000 	/Developer/NVIDIA/CUDA-8.0/jre/Contents/Home//lib/server/libjvm.dylib
0x00000000436fa000 	/usr/lib/libstdc++.6.dylib
0x0000000100356000 	/Developer/NVIDIA/CUDA-8.0/jre/Contents/Home/lib/libverify.dylib
0x0000000100364000 	/Developer/NVIDIA/CUDA-8.0/jre/Contents/Home/lib/libjava.dylib
0x00000001003a2000 	/Developer/NVIDIA/CUDA-8.0/jre/Contents/Home/lib/libzip.dylib
0x0000000100fe4000 	/System/Library/Frameworks/JavaVM.framework/Frameworks/JavaRuntimeSupport.framework/JavaRuntimeSupport
0x00000001003e8000 	/System/Library/Frameworks/JavaVM.framework/Versions/A/Frameworks/JavaNativeFoundation.framework/Versions/A/JavaNativeFoundation
0x0000000100b76000 	/System/Library/Frameworks/JavaVM.framework/Versions/A/JavaVM
0x00000000436fa000 	/System/Library/Frameworks/Carbon.framework/Versions/A/Carbon
0x00000001060a0000 	/System/Library/PrivateFrameworks/JavaLaunching.framework/Versions/A/JavaLaunching
0x00000000436fa000 	/System/Library/Frameworks/Carbon.framework/Versions/A/Frameworks/CommonPanels.framework/Versions/A/CommonPanels
0x00000000436fa000 	/System/Library/Frameworks/Carbon.framework/Versions/A/Frameworks/Help.framework/Versions/A/Help
0x00000000436fa000 	/System/Library/Frameworks/Carbon.framework/Versions/A/Frameworks/ImageCapture.framework/Versions/A/ImageCapture
0x00000000436fa000 	/System/Library/Frameworks/Carbon.framework/Versions/A/Frameworks/OpenScripting.framework/Versions/A/OpenScripting
0x00000000436fa000 	/System/Library/Frameworks/Carbon.framework/Versions/A/Frameworks/Print.framework/Versions/A/Print
0x00000000436fa000 	/System/Library/Frameworks/Carbon.framework/Versions/A/Frameworks/SecurityHI.framework/Versions/A/SecurityHI
0x00000000436fa000 	/System/Library/CoreServices/RawCamera.bundle/Contents/MacOS/RawCamera
0x00000000436fa000 	/System/Library/Frameworks/Accelerate.framework/Versions/A/Frameworks/vImage.framework/Versions/A/Libraries/libCGInterfaces.dylib
0x00000000436fa000 	/System/Library/PrivateFrameworks/FamilyControls.framework/Versions/A/FamilyControls
0x00000000436fa000 	/System/Library/PrivateFrameworks/CommerceKit.framework/Versions/A/Frameworks/CommerceCore.framework/Versions/A/CommerceCore
0x00000000436fa000 	/System/Library/PrivateFrameworks/SystemAdministration.framework/Versions/A/SystemAdministration
0x00000000436fa000 	/System/Library/PrivateFrameworks/AppContainer.framework/Versions/A/AppContainer
0x00000000436fa000 	/System/Library/PrivateFrameworks/SecCodeWrapper.framework/Versions/A/SecCodeWrapper
0x00000000436fa000 	/System/Library/Frameworks/DirectoryService.framework/Versions/A/DirectoryService
0x00000000436fa000 	/System/Library/PrivateFrameworks/DiskImages.framework/Versions/A/DiskImages
0x00000000436fa000 	/System/Library/PrivateFrameworks/LoginUIKit.framework/Versions/A/Frameworks/LoginUICore.framework/Versions/A/LoginUICore
0x00000000436fa000 	/usr/lib/libCoreStorage.dylib
0x00000000436fa000 	/usr/lib/libcsfde.dylib
0x00000000436fa000 	/usr/lib/libodfde.dylib
0x00000000436fa000 	/System/Library/Frameworks/DiscRecording.framework/Versions/A/DiscRecording
0x00000000436fa000 	/usr/lib/libcurl.4.dylib
0x00000000436fa000 	/System/Library/PrivateFrameworks/MediaKit.framework/Versions/A/MediaKit
0x00000000436fa000 	/System/Library/PrivateFrameworks/ProtectedCloudStorage.framework/Versions/A/ProtectedCloudStorage
0x00000000436fa000 	/System/Library/PrivateFrameworks/EFILogin.framework/Versions/A/EFILogin
0x00000000436fa000 	/usr/lib/libutil.dylib
0x00000000436fa000 	/System/Library/Frameworks/LDAP.framework/Versions/A/LDAP
0x00000000436fa000 	/usr/lib/libsasl2.2.dylib
0x00000000436fa000 	/System/Library/PrivateFrameworks/CoreDaemon.framework/Versions/B/CoreDaemon
0x00000000436fa000 	/System/Library/PrivateFrameworks/AppleSRP.framework/Versions/A/AppleSRP
0x00000000436fa000 	/System/Library/PrivateFrameworks/APFS.framework/Versions/A/APFS
0x00000000436fa000 	/System/Library/Frameworks/ApplicationServices.framework/Versions/A/Frameworks/ATS.framework/Versions/A/Resources/libTrueTypeScaler.dylib
0x00000000436fa000 	/System/Library/Frameworks/OpenGL.framework/Versions/A/Resources/GLEngine.bundle/GLEngine
0x00000000436fa000 	/System/Library/Frameworks/OpenGL.framework/Versions/A/Libraries/libGLProgrammability.dylib
0x0000000120000000 	/System/Library/Extensions/GeForceGLDriverWeb.bundle/Contents/MacOS/GeForceGLDriverWeb
0x00000000436fa000 	/System/Library/Frameworks/OpenGL.framework/Versions/A/Libraries/libLLVMContainer.dylib
0x00000000436fa000 	/System/Library/PrivateFrameworks/GPUSupport.framework/Versions/A/Libraries/libGPUSupportMercury.dylib
0x00000001214d9000 	/System/Library/Extensions/GeForceGLDriverWeb.bundle/Contents/MacOS/libclhWeb.dylib
0x00000000436fa000 	/System/Library/Frameworks/OpenGL.framework/Versions/A/Resources/GLRendererFloat.bundle/GLRendererFloat
0x00000000436fa000 	/System/Library/Frameworks/OpenCL.framework/Versions/A/Libraries/libcldcpuengine.dylib
0x00000000436fa000 	/usr/lib/libcrypto.0.9.8.dylib
0x00000000436fa000 	/System/Library/PrivateFrameworks/TrustEvaluationAgent.framework/Versions/A/TrustEvaluationAgent
0x000000011f400000 	/System/Library/Extensions/GeForceMTLDriverWeb.bundle/Contents/MacOS/GeForceMTLDriverWeb
0x0000000125d23000 	/System/Library/Extensions/GeForceAIRPluginWeb.bundle/Contents/MacOS/GeForceAIRPluginWeb
0x00000000436fa000 	/System/Library/PrivateFrameworks/GPUCompiler.framework//Versions/A/Libraries/libLLVMContainer.dylib
0x0000000126be9000 	/Developer/NVIDIA/CUDA-8.0/jre/Contents/Home/lib/libnet.dylib
0x0000000126f2d000 	/Developer/NVIDIA/CUDA-8.0/jre/Contents/Home/lib/libnio.dylib
0x00000000436fa000 	/System/Library/PrivateFrameworks/ViewBridge.framework/Versions/A/ViewBridge
0x00000000436fa000 	/System/Library/PrivateFrameworks/XPCService.framework/Versions/A/XPCService
0x00000000436fa000 	/System/Library/PrivateFrameworks/AppSandbox.framework/Versions/A/AppSandbox
0x00000000436fa000 	/usr/lib/libsandbox.1.dylib
0x00000000436fa000 	/usr/lib/libMatch.1.dylib
0x0000000126fb8000 	/Users/sebastian/.eclipse/org.eclipse.platform_4.4.1_1222335327_macosx_cocoa_x86_64/configuration/org.eclipse.osgi/300/0/.cp/libswt-cocoa-4430.jnilib
0x00000000436fa000 	/System/Library/Frameworks/WebKit.framework/Versions/A/WebKit
0x00000000436fa000 	/System/Library/Frameworks/JavaScriptCore.framework/Versions/A/JavaScriptCore
0x00000000436fa000 	/System/Library/Frameworks/SecurityInterface.framework/Versions/A/SecurityInterface
0x00000000436fa000 	/System/Library/Frameworks/WebKit.framework/Versions/A/Frameworks/WebKitLegacy.framework/Versions/A/WebKitLegacy
0x00000000436fa000 	/System/Library/Frameworks/WebKit.framework/Versions/A/Frameworks/WebCore.framework/Versions/A/WebCore
0x0000000126e9d000 	/Users/sebastian/.eclipse/org.eclipse.platform_4.4.1_1222335327_macosx_cocoa_x86_64/configuration/org.eclipse.osgi/300/0/.cp/libswt-pi-cocoa-4430.jnilib
0x00000000436fa000 	/System/Library/PrivateFrameworks/CloudDocs.framework/Versions/A/CloudDocs
0x00000000436fa000 	/System/Library/Frameworks/CloudKit.framework/Versions/A/CloudKit
0x00000000436fa000 	/System/Library/PrivateFrameworks/MMCS.framework/Versions/A/MMCS
0x00000000436fa000 	/System/Library/Frameworks/CoreLocation.framework/Versions/A/CoreLocation
0x00000000436fa000 	/System/Library/PrivateFrameworks/AssetCacheServices.framework/Versions/A/AssetCacheServices
0x00000000436fa000 	/System/Library/PrivateFrameworks/GeoServices.framework/Versions/A/GeoServices
0x000000011f17d000 	/System/Library/PrivateFrameworks/CoreNLP.framework/Versions/A/CoreNLP
0x000000011d132000 	/Developer/NVIDIA/CUDA-8.0/libnsight/configuration/org.eclipse.osgi/124/0/.cp/os/macosx/libunixfile_1_0_0.jnilib
0x000000011b9f7000 	cl_kernels
0x00000000436fa000 	/System/Library/Frameworks/OpenCL.framework/Versions/A/Libraries/ImageFormats/unorm8_bgra.dylib
0x000000011b9d5000 	cl_kernels
0x000000011b9b4000 	/Developer/NVIDIA/CUDA-8.0/libnsight/configuration/org.eclipse.osgi/89/0/.cp/os/macosx/x86_64/libspawner.jnilib
0x00000000436fa000 	/System/Library/PrivateFrameworks/Shortcut.framework/Versions/A/Shortcut
0x00000000436fa000 	/System/Library/PrivateFrameworks/HelpData.framework/Versions/A/HelpData
0x00000000436fa000 	/System/Library/PrivateFrameworks/DataDetectors.framework/Versions/A/DataDetectors
0x00000000436fa000 	/System/Library/Frameworks/AddressBook.framework/Versions/A/AddressBook
0x00000000436fa000 	/System/Library/Frameworks/Quartz.framework/Versions/A/Quartz
0x00000000436fa000 	/System/Library/PrivateFrameworks/ContactsPersistence.framework/Versions/A/ContactsPersistence
0x00000000436fa000 	/System/Library/PrivateFrameworks/CalendarAgentLink.framework/Versions/A/CalendarAgentLink
0x00000000436fa000 	/System/Library/PrivateFrameworks/ContactsFoundation.framework/Versions/A/ContactsFoundation
0x00000000436fa000 	/System/Library/PrivateFrameworks/vCard.framework/Versions/A/vCard
0x00000000436fa000 	/System/Library/PrivateFrameworks/IntlPreferences.framework/Versions/A/IntlPreferences
0x00000000436fa000 	/System/Library/PrivateFrameworks/ToneLibrary.framework/Versions/A/ToneLibrary
0x00000000436fa000 	/System/Library/PrivateFrameworks/ToneKit.framework/Versions/A/ToneKit
0x00000000436fa000 	/System/Library/PrivateFrameworks/ApplePushService.framework/Versions/A/ApplePushService
0x00000000436fa000 	/System/Library/PrivateFrameworks/PhoneNumbers.framework/Versions/A/PhoneNumbers
0x00000000436fa000 	/System/Library/Frameworks/Accounts.framework/Versions/A/Accounts
0x00000000436fa000 	/System/Library/PrivateFrameworks/OAuth.framework/Versions/A/OAuth
0x00000000436fa000 	/System/Library/Frameworks/AVFoundation.framework/Versions/A/AVFoundation
0x00000000436fa000 	/System/Library/Frameworks/AVFoundation.framework/Versions/A/Frameworks/AVFAudio.framework/Versions/A/AVFAudio
0x00000000436fa000 	/System/Library/Frameworks/CoreMedia.framework/Versions/A/CoreMedia
0x00000000436fa000 	/System/Library/Frameworks/MediaToolbox.framework/Versions/A/MediaToolbox
0x00000000436fa000 	/System/Library/Frameworks/VideoToolbox.framework/Versions/A/VideoToolbox
0x00000000436fa000 	/System/Library/Frameworks/CoreMediaIO.framework/Versions/A/CoreMediaIO
0x00000000436fa000 	/usr/lib/libspindump.dylib
0x00000000436fa000 	/usr/lib/libdscsym.dylib
0x00000000436fa000 	/System/Library/PrivateFrameworks/CoreAVCHD.framework/Versions/A/CoreAVCHD
0x00000000436fa000 	/System/Library/Frameworks/MediaAccessibility.framework/Versions/A/MediaAccessibility
0x00000000436fa000 	/System/Library/PrivateFrameworks/Mangrove.framework/Versions/A/Mangrove
0x00000000436fa000 	/System/Library/PrivateFrameworks/CoreAUC.framework/Versions/A/CoreAUC
0x00000000436fa000 	/System/Library/PrivateFrameworks/AppleVA.framework/Versions/A/AppleVA
0x00000000436fa000 	/System/Library/Frameworks/Quartz.framework/Versions/A/Frameworks/QuartzComposer.framework/Versions/A/QuartzComposer
0x00000000436fa000 	/System/Library/Frameworks/Quartz.framework/Versions/A/Frameworks/PDFKit.framework/Versions/A/PDFKit
0x00000000436fa000 	/System/Library/Frameworks/Quartz.framework/Versions/A/Frameworks/QuartzFilters.framework/Versions/A/QuartzFilters
0x00000000436fa000 	/System/Library/Frameworks/Quartz.framework/Versions/A/Frameworks/ImageKit.framework/Versions/A/ImageKit
0x00000000436fa000 	/System/Library/Frameworks/Quartz.framework/Versions/A/Frameworks/QuickLookUI.framework/Versions/A/QuickLookUI
0x00000000436fa000 	/System/Library/Frameworks/QTKit.framework/Versions/A/QTKit
0x00000000436fa000 	/System/Library/PrivateFrameworks/AppleSystemInfo.framework/Versions/A/AppleSystemInfo
0x00000000436fa000 	/System/Library/PrivateFrameworks/CoreMediaAuthoring.framework/Versions/A/CoreMediaAuthoring
0x00000000436fa000 	/System/Library/PrivateFrameworks/CorePDF.framework/Versions/A/CorePDF
0x00000000436fa000 	/System/Library/Frameworks/SafariServices.framework/Versions/A/SafariServices
0x00000000436fa000 	/System/Library/Frameworks/QuickLook.framework/Versions/A/QuickLook
0x00000000436fa000 	/System/Library/PrivateFrameworks/MobileKeyBag.framework/Versions/A/MobileKeyBag
0x00000000436fa000 	/System/Library/PrivateFrameworks/QuickLookThumbnailing.framework/Versions/A/QuickLookThumbnailing
0x00000000436fa000 	/System/Library/PrivateFrameworks/DisplayServices.framework/Versions/A/DisplayServices
0x00000000436fa000 	/System/Library/Frameworks/ImageCaptureCore.framework/Versions/A/ImageCaptureCore
0x0000000106175000 	/usr/lib/libgermantok.dylib
0x00000000436fa000 	/System/Library/PrivateFrameworks/FinderKit.framework/Versions/A/FinderKit
0x00000000436fa000 	/System/Library/PrivateFrameworks/Bom.framework/Versions/A/Bom
0x00000000436fa000 	/System/Library/PrivateFrameworks/Suggestions.framework/Versions/A/Suggestions
0x00000000436fa000 	/System/Library/PrivateFrameworks/CacheDelete.framework/Versions/A/CacheDelete
0x00000000436fa000 	/System/Library/PrivateFrameworks/PlugInKit.framework/Versions/A/PlugInKit
0x000000010697d000 	/System/Library/Frameworks/Security.framework/PlugIns/csparser.bundle/Contents/MacOS/csparser
0x000000011d171000 	cl_kernels
0x0000000106191000 	/Users/sebastian/.eclipse/org.eclipse.platform_4.4.1_1222335327_macosx_cocoa_x86_64/configuration/org.eclipse.osgi/89/0/.cp/os/macosx/x86_64/libpty.jnilib

VM Arguments:
jvm_args: -Xms80m -Xmx1G -XX:MaxPermSize=256m -d32 -XstartOnFirstThread -Dosgi.requiredJavaVersion=1.6 
java_command: <unknown>
java_class_path (initial): /Developer/NVIDIA/CUDA-8.0/libnsight/nsight.app/Contents/MacOS//../../../plugins/org.eclipse.equinox.launcher_1.3.0.v20140415-2008.jar
Launcher Type: generic

Environment Variables:
PATH=/usr/bin:/bin:/usr/sbin:/sbin
SHELL=/bin/bash
DISPLAY=/private/tmp/com.apple.launchd.ZfmI8qEIhJ/org.macosforge.xquartz:0

Signal Handlers:
SIGSEGV: [libjvm.dylib+0x58ef95], sa_mask[0]=11111111011111110111111111111111, sa_flags=SA_ONSTACK|SA_RESTART|SA_SIGINFO
SIGBUS: [libjvm.dylib+0x58ef95], sa_mask[0]=11111111011111110111111111111111, sa_flags=SA_RESTART|SA_SIGINFO
SIGFPE: [libjvm.dylib+0x46c108], sa_mask[0]=11111111011111110111111111111111, sa_flags=SA_RESTART|SA_SIGINFO
SIGPIPE: [libjvm.dylib+0x46c108], sa_mask[0]=11111111011111110111111111111111, sa_flags=SA_RESTART|SA_SIGINFO
SIGXFSZ: [libjvm.dylib+0x46c108], sa_mask[0]=11111111011111110111111111111111, sa_flags=SA_RESTART|SA_SIGINFO
SIGILL: [libjvm.dylib+0x46c108], sa_mask[0]=11111111011111110111111111111111, sa_flags=SA_RESTART|SA_SIGINFO
SIGUSR1: SIG_DFL, sa_mask[0]=00000000000000000000000000000000, sa_flags=none
SIGUSR2: [libjvm.dylib+0x46bc26], sa_mask[0]=00000000000000000000000000000000, sa_flags=SA_RESTART|SA_SIGINFO
SIGHUP: [libjvm.dylib+0x46a1f9], sa_mask[0]=11111111011111110111111111111111, sa_flags=SA_RESTART|SA_SIGINFO
SIGINT: [libjvm.dylib+0x46a1f9], sa_mask[0]=11111111011111110111111111111111, sa_flags=SA_RESTART|SA_SIGINFO
SIGTERM: [libjvm.dylib+0x46a1f9], sa_mask[0]=11111111011111110111111111111111, sa_flags=SA_RESTART|SA_SIGINFO
SIGQUIT: [libjvm.dylib+0x46a1f9], sa_mask[0]=11111111011111110111111111111111, sa_flags=SA_RESTART|SA_SIGINFO


---------------  S Y S T E M  ---------------

OS:Bsduname:Darwin 16.1.0 Darwin Kernel Version 16.1.0: Wed Oct 19 20:31:56 PDT 2016; root:xnu-3789.21.4~4/RELEASE_X86_64 x86_64
rlimit: STACK 8192k, CORE 0k, NPROC 709, NOFILE 10240, AS infinity
load average:1.54 1.46 1.55

CPU:total 8 (4 cores per cpu, 2 threads per core) family 6 model 58 stepping 9, cmov, cx8, fxsr, mmx, sse, sse2, sse3, ssse3, sse4.1, sse4.2, popcnt, avx, aes, clmul, erms, ht, tsc, tscinvbit, tscinv

Memory: 4k page, physical 16777216k(146796k free)

/proc/meminfo:


vm_info: Java HotSpot(TM) 64-Bit Server VM (25.45-b02) for bsd-amd64 JRE (1.8.0_45-b14), built on Apr 10 2015 10:46:38 by "java_re" with gcc 4.2.1 (Based on Apple Inc. build 5658) (LLVM build 2336.11.00)

time: Tue Jan 10 18:19:57 2017
elapsed time: 18645 seconds (0d 5h 10m 45s)

